<?xml version="1.0" encoding="UTF-8"?>
<testsuite xmlns:xsi="http://www.w3.org/2001/XMLSchema-instance" xsi:noNamespaceSchemaLocation="https://maven.apache.org/surefire/maven-surefire-plugin/xsd/surefire-test-report-3.0.xsd" version="3.0" name="eu.chargetime.ocpp.model.test.GetConfigurationConfirmationTest" time="0.013" tests="8" errors="0" skipped="0" failures="0">
  <properties>
[...]
</properties>
  <testcase name="setUnknownKey_aListWithStringLength51_throwsPropertyConstraintException" classname="eu.chargetime.ocpp.model.test.GetConfigurationConfirmationTest" time="0.0"/>
  <testcase name="setUnknownKey_aListWithAStringLength51_throwsPropertyConstraintException" classname="eu.chargetime.ocpp.model.test.GetConfigurationConfirmationTest" time="0.0"/>
  <testcase name="validate_configurationKeyIsSet_configurationKeyIsValidated" classname="eu.chargetime.ocpp.model.test.GetConfigurationConfirmationTest" time="0.01"/>
  <testcase name="setUnknownKey_aListWithStringLength50_unknownKeyIsSet" classname="eu.chargetime.ocpp.model.test.GetConfigurationConfirmationTest" time="0.0"/>
  <testcase name="setUnknownKey_aListWithMoreStringLength50_unknownKeyIsSet" classname="eu.chargetime.ocpp.model.test.GetConfigurationConfirmationTest" time="0.001"/>
  <testcase name="validate_returnTrue" classname="eu.chargetime.ocpp.model.test.GetConfigurationConfirmationTest" time="0.0"/>
  <testcase name="setConfigurationKey_aKeyValueType_configurationKeyIsSet" classname="eu.chargetime.ocpp.model.test.GetConfigurationConfirmationTest" time="0.0"/>
  <testcase name="validate_configurationKeyIsInvalid_returnsFalse" classname="eu.chargetime.ocpp.model.test.GetConfigurationConfirmationTest" time="0.001"/>
</testsuite>