<?xml version="1.0" encoding="UTF-8"?>
<testsuite xmlns:xsi="http://www.w3.org/2001/XMLSchema-instance" xsi:noNamespaceSchemaLocation="https://maven.apache.org/surefire/maven-surefire-plugin/xsd/surefire-test-report-3.0.xsd" version="3.0" name="eu.chargetime.ocpp.test.ServerTest" time="0.038" tests="5" errors="0" skipped="0" failures="0">
  <properties>
[...]
</properties>
  <testcase name="newSession_serverIsListening_sessionIsAccepted" classname="eu.chargetime.ocpp.test.ServerTest" time="0.023">
    <system-out><![CDATA[16:52:52.766 [main] DEBUG eu.chargetime.ocpp.Server -- Session created: 9fe3e2e9-fd24-4d68-824e-1f38f8a7ec14
]]></system-out>
  </testcase>
  <testcase name="newSession_serverIsListening_callbackWithIndex0" classname="eu.chargetime.ocpp.test.ServerTest" time="0.003">
    <system-out><![CDATA[16:52:52.769 [main] DEBUG eu.chargetime.ocpp.Server -- Session created: 8d1307ec-09df-4a76-8a6e-374ac519b25f
]]></system-out>
  </testcase>
  <testcase name="handleRequest_callsFeatureHandleRequest" classname="eu.chargetime.ocpp.test.ServerTest" time="0.003">
    <system-out><![CDATA[16:52:52.772 [main] DEBUG eu.chargetime.ocpp.Server -- Session created: 55b8334b-a65d-4dec-89d7-9f7c2290413e
]]></system-out>
  </testcase>
  <testcase name="send_aMessage_validatesMessage" classname="eu.chargetime.ocpp.test.ServerTest" time="0.003">
    <system-out><![CDATA[16:52:52.776 [main] DEBUG eu.chargetime.ocpp.Server -- Session created: 656c12fa-9659-4b1b-bd1a-6e69e13ee022
]]></system-out>
  </testcase>
  <testcase name="send_aMessage_isCommunicated" classname="eu.chargetime.ocpp.test.ServerTest" time="0.004">
    <system-out><![CDATA[16:52:52.779 [main] DEBUG eu.chargetime.ocpp.Server -- Session created: 277b0e18-3939-4bd6-9e4b-989c68998341
]]></system-out>
  </testcase>
</testsuite>